<?xml version="1.0" encoding="UTF-8"?>
<testsuite xmlns:xsi="http://www.w3.org/2001/XMLSchema-instance" xsi:noNamespaceSchemaLocation="https://maven.apache.org/surefire/maven-surefire-plugin/xsd/surefire-test-report.xsd" name="InvalidCredentialsLoginTest" time="16.671" tests="5" errors="1" skipped="0" failures="0">
  <properties>
    <property name="gopherProxySet" value="false"/>
    <property name="awt.toolkit" value="sun.lwawt.macosx.LWCToolkit"/>
    <property name="java.specification.version" value="11"/>
    <property name="sun.cpu.isalist" value=""/>
    <property name="sun.jnu.encoding" value="UTF-8"/>
    <property name="java.class.path" value="/Users/dmitry/aqa_test_task/target/test-classes:/Users/dmitry/aqa_test_task/target/classes:/Users/dmitry/.m2/repository/com/microsoft/playwright/playwright/1.39.0/playwright-1.39.0.jar:/Users/dmitry/.m2/repository/com/google/code/gson/gson/2.8.9/gson-2.8.9.jar:/Users/dmitry/.m2/repository/org/opentest4j/opentest4j/1.2.0/opentest4j-1.2.0.jar:/Users/dmitry/.m2/repository/com/microsoft/playwright/driver/1.39.0/driver-1.39.0.jar:/Users/dmitry/.m2/repository/com/microsoft/playwright/driver-bundle/1.39.0/driver-bundle-1.39.0.jar:/Users/dmitry/.m2/repository/junit/junit/4.13.1/junit-4.13.1.jar:/Users/dmitry/.m2/repository/org/hamcrest/hamcrest-core/1.3/hamcrest-core-1.3.jar:"/>
    <property name="java.vm.vendor" value="Amazon.com Inc."/>
    <property name="sun.arch.data.model" value="64"/>
    <property name="java.vendor.url" value="https://aws.amazon.com/corretto/"/>
    <property name="user.timezone" value=""/>
    <property name="java.vm.specification.version" value="11"/>
    <property name="os.name" value="Mac OS X"/>
    <property name="sun.java.launcher" value="SUN_STANDARD"/>
    <property name="user.country" value="RU"/>
    <property name="sun.boot.library.path" value="/Library/Java/JavaVirtualMachines/amazon-corretto-11.jdk/Contents/Home/lib"/>
    <property name="sun.java.command" value="/Users/dmitry/aqa_test_task/target/surefire/surefirebooter2596482452474655671.jar /Users/dmitry/aqa_test_task/target/surefire 2024-08-29T20-12-03_577-jvmRun1 surefire8479919992094404090tmp surefire_09235532411839418348tmp"/>
    <property name="jdk.debug" value="release"/>
    <property name="surefire.test.class.path" value="/Users/dmitry/aqa_test_task/target/test-classes:/Users/dmitry/aqa_test_task/target/classes:/Users/dmitry/.m2/repository/com/microsoft/playwright/playwright/1.39.0/playwright-1.39.0.jar:/Users/dmitry/.m2/repository/com/google/code/gson/gson/2.8.9/gson-2.8.9.jar:/Users/dmitry/.m2/repository/org/opentest4j/opentest4j/1.2.0/opentest4j-1.2.0.jar:/Users/dmitry/.m2/repository/com/microsoft/playwright/driver/1.39.0/driver-1.39.0.jar:/Users/dmitry/.m2/repository/com/microsoft/playwright/driver-bundle/1.39.0/driver-bundle-1.39.0.jar:/Users/dmitry/.m2/repository/junit/junit/4.13.1/junit-4.13.1.jar:/Users/dmitry/.m2/repository/org/hamcrest/hamcrest-core/1.3/hamcrest-core-1.3.jar:"/>
    <property name="sun.cpu.endian" value="little"/>
    <property name="user.home" value="/Users/dmitry"/>
    <property name="user.language" value="ru"/>
    <property name="java.specification.vendor" value="Oracle Corporation"/>
    <property name="java.version.date" value="2024-01-16"/>
    <property name="java.home" value="/Library/Java/JavaVirtualMachines/amazon-corretto-11.jdk/Contents/Home"/>
    <property name="file.separator" value="/"/>
    <property name="basedir" value="/Users/dmitry/aqa_test_task"/>
    <property name="java.vm.compressedOopsMode" value="Zero based"/>
    <property name="line.separator" value="&#10;"/>
    <property name="java.specification.name" value="Java Platform API Specification"/>
    <property name="java.vm.specification.vendor" value="Oracle Corporation"/>
    <property name="java.awt.graphicsenv" value="sun.awt.CGraphicsEnvironment"/>
    <property name="surefire.real.class.path" value="/Users/dmitry/aqa_test_task/target/surefire/surefirebooter2596482452474655671.jar"/>
    <property name="sun.management.compiler" value="HotSpot 64-Bit Tiered Compilers"/>
    <property name="java.runtime.version" value="11.0.22+7-LTS"/>
    <property name="user.name" value="dmitry"/>
    <property name="path.separator" value=":"/>
    <property name="os.version" value="14.6.1"/>
    <property name="java.runtime.name" value="OpenJDK Runtime Environment"/>
    <property name="file.encoding" value="UTF-8"/>
    <property name="java.vm.name" value="OpenJDK 64-Bit Server VM"/>
    <property name="java.vendor.version" value="Corretto-11.0.22.7.1"/>
    <property name="localRepository" value="/Users/dmitry/.m2/repository"/>
    <property name="java.vendor.url.bug" value="https://github.com/corretto/corretto-11/issues/"/>
    <property name="java.io.tmpdir" value="/var/folders/24/2mlqg9yj3b3cf8k65bl1hmyw0000gn/T/"/>
    <property name="idea.version" value="2023.3.4"/>
    <property name="java.version" value="11.0.22"/>
    <property name="user.dir" value="/Users/dmitry/aqa_test_task"/>
    <property name="os.arch" value="x86_64"/>
    <property name="java.vm.specification.name" value="Java Virtual Machine Specification"/>
    <property name="java.awt.printerjob" value="sun.lwawt.macosx.CPrinterJob"/>
    <property name="sun.os.patch.level" value="unknown"/>
    <property name="java.library.path" value="/Users/dmitry/Library/Java/Extensions:/Library/Java/Extensions:/Network/Library/Java/Extensions:/System/Library/Java/Extensions:/usr/lib/java:."/>
    <property name="java.vm.info" value="mixed mode"/>
    <property name="java.vendor" value="Amazon.com Inc."/>
    <property name="java.vm.version" value="11.0.22+7-LTS"/>
    <property name="java.specification.maintenance.version" value="2"/>
    <property name="sun.io.unicode.encoding" value="UnicodeBig"/>
    <property name="java.class.version" value="55.0"/>
  </properties>
  <testcase name="loginWithInvalidCredentialsTest[0]" classname="InvalidCredentialsLoginTest" time="1.369"/>
  <testcase name="loginWithInvalidCredentialsTest[1]" classname="InvalidCredentialsLoginTest" time="1.294"/>
  <testcase name="loginWithInvalidCredentialsTest[2]" classname="InvalidCredentialsLoginTest" time="1.351"/>
  <testcase name="loginWithInvalidCredentialsTest[3]" classname="InvalidCredentialsLoginTest" time="1.317"/>
  <testcase name="loginWithInvalidCredentialsTest[4]" classname="InvalidCredentialsLoginTest" time="11.34">
    <error message="Error {&#10;  message=&apos;Timeout 10000ms exceeded.&#10;=========================== logs ===========================&#10;waiting for locator(&quot;xpath=//div[@id=&apos;message&apos; and text()=&apos;Incorrect password&apos;]&quot;) to be visible&#10;============================================================&#10;  name=&apos;TimeoutError&#10;  stack=&apos;TimeoutError: Timeout 10000ms exceeded.&#10;=========================== logs ===========================&#10;waiting for locator(&quot;xpath=//div[@id=&apos;message&apos; and text()=&apos;Incorrect password&apos;]&quot;) to be visible&#10;============================================================&#10;    at ProgressController.run (/private/var/folders/24/2mlqg9yj3b3cf8k65bl1hmyw0000gn/T/playwright-java-2429599155865619508/package/lib/server/progress.js:88:26)&#10;    at Frame.waitForSelector (/private/var/folders/24/2mlqg9yj3b3cf8k65bl1hmyw0000gn/T/playwright-java-2429599155865619508/package/lib/server/frames.js:619:23)&#10;    at FrameDispatcher.waitForSelector (/private/var/folders/24/2mlqg9yj3b3cf8k65bl1hmyw0000gn/T/playwright-java-2429599155865619508/package/lib/server/dispatchers/frameDispatcher.js:103:103)&#10;    at DispatcherConnection.dispatch (/private/var/folders/24/2mlqg9yj3b3cf8k65bl1hmyw0000gn/T/playwright-java-2429599155865619508/package/lib/server/dispatchers/dispatcher.js:346:46)&#10;}" type="com.microsoft.playwright.TimeoutError">com.microsoft.playwright.TimeoutError: 
Error {
  message='Timeout 10000ms exceeded.
=========================== logs ===========================
waiting for locator("xpath=//div[@id='message' and text()='Incorrect password']") to be visible
============================================================
  name='TimeoutError
  stack='TimeoutError: Timeout 10000ms exceeded.
=========================== logs ===========================
waiting for locator("xpath=//div[@id='message' and text()='Incorrect password']") to be visible
============================================================
    at ProgressController.run (/private/var/folders/24/2mlqg9yj3b3cf8k65bl1hmyw0000gn/T/playwright-java-2429599155865619508/package/lib/server/progress.js:88:26)
    at Frame.waitForSelector (/private/var/folders/24/2mlqg9yj3b3cf8k65bl1hmyw0000gn/T/playwright-java-2429599155865619508/package/lib/server/frames.js:619:23)
    at FrameDispatcher.waitForSelector (/private/var/folders/24/2mlqg9yj3b3cf8k65bl1hmyw0000gn/T/playwright-java-2429599155865619508/package/lib/server/dispatchers/frameDispatcher.js:103:103)
    at DispatcherConnection.dispatch (/private/var/folders/24/2mlqg9yj3b3cf8k65bl1hmyw0000gn/T/playwright-java-2429599155865619508/package/lib/server/dispatchers/dispatcher.js:346:46)
}
	at InvalidCredentialsLoginTest.loginWithInvalidCredentialsTest(InvalidCredentialsLoginTest.java:49)
Caused by: com.microsoft.playwright.TimeoutError: 
Error {
  message='Timeout 10000ms exceeded.
=========================== logs ===========================
waiting for locator("xpath=//div[@id='message' and text()='Incorrect password']") to be visible
============================================================
  name='TimeoutError
  stack='TimeoutError: Timeout 10000ms exceeded.
=========================== logs ===========================
waiting for locator("xpath=//div[@id='message' and text()='Incorrect password']") to be visible
============================================================
    at ProgressController.run (/private/var/folders/24/2mlqg9yj3b3cf8k65bl1hmyw0000gn/T/playwright-java-2429599155865619508/package/lib/server/progress.js:88:26)
    at Frame.waitForSelector (/private/var/folders/24/2mlqg9yj3b3cf8k65bl1hmyw0000gn/T/playwright-java-2429599155865619508/package/lib/server/frames.js:619:23)
    at FrameDispatcher.waitForSelector (/private/var/folders/24/2mlqg9yj3b3cf8k65bl1hmyw0000gn/T/playwright-java-2429599155865619508/package/lib/server/dispatchers/frameDispatcher.js:103:103)
    at DispatcherConnection.dispatch (/private/var/folders/24/2mlqg9yj3b3cf8k65bl1hmyw0000gn/T/playwright-java-2429599155865619508/package/lib/server/dispatchers/dispatcher.js:346:46)
}
	at InvalidCredentialsLoginTest.loginWithInvalidCredentialsTest(InvalidCredentialsLoginTest.java:49)
</error>
  </testcase>
</testsuite>